\BOOKMARK [1][-]{section.1}{Design decisions}{}% 1
\BOOKMARK [2][-]{subsection.1.1}{Iteration 1 \046 2: Image Filtering}{section.1}% 2
\BOOKMARK [2][-]{subsection.1.2}{Iteration 3: Content Filtering}{section.1}% 3
\BOOKMARK [2][-]{subsection.1.3}{Iteration 4: Content Reporting}{section.1}% 4
\BOOKMARK [2][-]{subsection.1.4}{Iteration 5: Refactoring}{section.1}% 5
\BOOKMARK [3][-]{subsubsection.1.4.1}{org.parosproxy.paros.core.proxy.ExtensionLoader}{subsection.1.4}% 6
\BOOKMARK [3][-]{subsubsection.1.4.2}{org.parosproxy.paros.core.proxy.ProxyThread}{subsection.1.4}% 7
\BOOKMARK [1][-]{section.2}{Strengths of the design}{}% 8
\BOOKMARK [2][-]{subsection.2.1}{Iteration 1 \046 2: Image Filtering}{section.2}% 9
\BOOKMARK [2][-]{subsection.2.2}{Iteration 3: Content Filtering}{section.2}% 10
\BOOKMARK [2][-]{subsection.2.3}{Iteration 4: Content Reporting}{section.2}% 11
\BOOKMARK [2][-]{subsection.2.4}{Iteration 5: Refactoring}{section.2}% 12
\BOOKMARK [3][-]{subsubsection.2.4.1}{org.parosproxy.paros.core.proxy.ProxyThread}{subsection.2.4}% 13
\BOOKMARK [3][-]{subsubsection.2.4.2}{org.parosproxy.paros.core.proxy.ProxyThread}{subsection.2.4}% 14
\BOOKMARK [1][-]{section.3}{Weaknesses of the design}{}% 15
\BOOKMARK [2][-]{subsection.3.1}{Iteration 1 \046 2: Image Filtering}{section.3}% 16
\BOOKMARK [2][-]{subsection.3.2}{Iteration 3: Content Filtering}{section.3}% 17
\BOOKMARK [2][-]{subsection.3.3}{Iteration 4: Content Reporting}{section.3}% 18
\BOOKMARK [2][-]{subsection.3.4}{Iteration 5: Refactoring}{section.3}% 19
\BOOKMARK [3][-]{subsubsection.3.4.1}{org.parosproxy.paros.core.proxy.ExtensionLoader}{subsection.3.4}% 20
\BOOKMARK [3][-]{subsubsection.3.4.2}{org.parosproxy.paros.core.proxy.ProxyThread}{subsection.3.4}% 21
\BOOKMARK [1][-]{section.4}{Future improvements}{}% 22
\BOOKMARK [2][-]{subsection.4.1}{Iteration 1 \046 2: Image Filtering}{section.4}% 23
\BOOKMARK [2][-]{subsection.4.2}{Iteration 3: Content Filtering}{section.4}% 24
\BOOKMARK [2][-]{subsection.4.3}{Iteration 4: Content Reporting}{section.4}% 25
\BOOKMARK [2][-]{subsection.4.4}{Iteration 5: Refactoring}{section.4}% 26
\BOOKMARK [3][-]{subsubsection.4.4.1}{org.parosproxy.paros.core.proxy.ExtensionLoader}{subsection.4.4}% 27
\BOOKMARK [1][-]{section.5}{Overview pyramid and test coverage}{}% 28
\BOOKMARK [2][-]{subsection.5.1}{Pyramid}{section.5}% 29
\BOOKMARK [2][-]{subsection.5.2}{Test Coverage}{section.5}% 30
\BOOKMARK [1][-]{section.6}{Design Diagrams}{}% 31
